[2024-08-20 21:48:13] Domain Address：www.baidu.com
[2024-08-20 21:48:13] [*] 域名指向多个IP地址，且不在同一网段，该域名可能使用了CDN技术 
[2024-08-20 21:48:14] [*] 域名CNAME命中指纹:百度旗下业务地域负载均衡系统
[2024-08-20 21:48:14] 目标域名可能使用CDN服务！

[2024-08-20 21:48:14] Domain Address：www.khjc10086.com
[2024-08-20 21:48:17] 目标域名未使用CDN服务！

[2024-08-20 21:48:17] Domain Address：www.jd.com
[2024-08-20 21:48:18] [*] 域名指向多个IP地址，且不在同一网段，该域名可能使用了CDN技术 
[2024-08-20 21:48:19] [*] 域名CNAME命中指纹:京东云 CDN
[2024-08-20 21:48:19] 目标域名可能使用CDN服务！

[2024-08-20 05:17:28] Domain Address：www.youtube.com
[2024-08-20 05:17:29] [*] 域名指向多个IP地址，且不在同一网段，该域名可能使用了CDN技术
[2024-08-20 05:17:32] [*] 境外CDNcheck判定使用CDN服务：google
[2024-08-20 05:17:35] [*] 域名CNAME命中指纹:Google Web 业务
[2024-08-20 05:17:35] 目标域名可能使用CDN服务！

[2024-08-20 21:48:25] Domain Address：www.tencent.com
[2024-08-20 21:48:27] [*] 域名指向多个IP地址，且不在同一网段，该域名可能使用了CDN技术 
[2024-08-20 21:48:27] [*] 目标IP节点HTTPS证书中存在CDN敏感关键字: 腾讯云 CDN
[2024-08-20 21:48:27] [*] 域名CNAME存在CDN关键字
[2024-08-20 21:48:27] [*] 域名CNAME命中指纹:腾讯云 CDN
[2024-08-20 21:48:27] 目标域名可能使用CDN服务！

[2024-08-20 21:48:27] Domain Address：sss
[2024-08-20 21:48:27] 非合法域名地址，请检查域名格式！

